Arguments: 
  /usr/local/bin/node /usr/local/bin/yarn

PATH: 
  /usr/local/bin:/usr/bin:/bin:/usr/sbin:/sbin

Yarn version: 
  1.9.4

Node version: 
  8.11.1

Platform: 
  darwin x64

Trace: 
  Error: connect ECONNREFUSED 104.16.22.35:80
      at Object._errnoException (util.js:1022:11)
      at _exceptionWithHostPort (util.js:1044:20)
      at TCPConnectWrap.afterConnect [as oncomplete] (net.js:1198:14)

npm manifest: 
  {
    "name": "foreign-currency",
    "version": "0.1.0",
    "private": true,
    "dependencies": {
      "@material-ui/core": "^3.0.3",
      "@material-ui/icons": "^3.0.1",
      "enzyme": "^3.6.0",
      "enzyme-adapter-react-16": "^1.5.0",
      "jest": "^23.6.0",
      "react": "^16.5.1",
      "react-dom": "^16.5.1",
      "react-scripts": "1.1.5",
      "yarn": "^1.9.4"
    },
    "scripts": {
      "start": "react-scripts start",
      "build": "react-scripts build",
      "test": "jest",
      "eject": "react-scripts eject"
    }
  }

yarn manifest: 
  No manifest

Lockfile: 
  No lockfile
